2017-12-12 04:34:30 404 No active browsers registered for factory windows.
2017-12-12 04:35:43 404 No active browsers registered for factory windows.
2017-12-12 04:36:44 404 No active browsers registered for factory windows.
2017-12-12 04:37:44 404 No active browsers registered for factory windows.
2017-12-12 04:38:44 404 No active browsers registered for factory windows.
2017-12-12 04:39:44 404 No active browsers registered for factory windows.
2017-12-12 04:40:44 404 No active browsers registered for factory windows.
2017-12-12 04:41:44 404 No active browsers registered for factory windows.
2017-12-12 04:48:19 404 No active browsers registered for factory windows.
2017-12-12 05:49:58 Socket error: No connection could be made because the target machine actively refused it.
2017-12-12 10:31:50 System load 3.23 exceeds limit 1.00, sleeping.
2017-12-12 10:32:38 System load 3.01 exceeds limit 1.00, sleeping.
2017-12-12 10:32:42 System load 3.03 exceeds limit 1.00, sleeping.
2017-12-12 10:33:42 System load 2.87 exceeds limit 1.00, sleeping.
2017-12-12 10:33:56 System load 2.81 exceeds limit 1.00, sleeping.
2017-12-12 10:34:56 System load 2.66 exceeds limit 1.00, sleeping.
2017-12-12 10:35:56 System load 2.50 exceeds limit 1.00, sleeping.
2017-12-12 10:36:54 System load 2.47 exceeds limit 1.00, sleeping.
2017-12-12 10:37:54 System load 2.46 exceeds limit 1.00, sleeping.
2017-12-12 10:38:54 System load 2.45 exceeds limit 1.00, sleeping.
2017-12-12 10:39:54 System load 2.39 exceeds limit 1.00, sleeping.
2017-12-12 10:40:54 System load 2.33 exceeds limit 1.00, sleeping.
2017-12-12 10:41:54 System load 2.27 exceeds limit 1.00, sleeping.
2017-12-12 10:42:54 System load 2.19 exceeds limit 1.00, sleeping.
2017-12-12 10:43:54 System load 2.13 exceeds limit 1.00, sleeping.
2017-12-12 10:44:54 System load 2.07 exceeds limit 1.00, sleeping.
2017-12-12 10:45:54 System load 2.27 exceeds limit 1.00, sleeping.
2017-12-12 10:46:54 System load 2.20 exceeds limit 1.00, sleeping.
2017-12-12 10:47:42 System load 2.34 exceeds limit 1.00, sleeping.
2017-12-12 10:59:57 406 The browser has not visited the requested website.
2017-12-12 11:48:01 AppleScript for UI elements not enabled.
2017-12-12 11:53:08 AppleScript for Firefox failed.
2017-12-12 12:32:53 406 The browser has not visited the requested website.
2017-12-12 12:48:49 406 The browser has not visited the requested website.
2017-12-12 12:59:02 406 The browser has not visited the requested website.
2017-12-12 13:09:16 406 The browser has not visited the requested website.
2017-12-12 13:25:13 406 The browser has not visited the requested website.
